[1106/133703.344:ERROR:filesystem_win.cc(148)] DeleteFile C:\Users\VOLKAN~1\AppData\Local\Temp\scoped_dir37508_1804002764\Crashpad\reports\f90341ba-3f12-44cd-bc1b-1687698f1317.dmp: The process cannot access the file because it is being used by another process. (0x20)
[1106/133703.746:ERROR:filesystem_win.cc(148)] DeleteFile C:\Users\VOLKAN~1\AppData\Local\Temp\scoped_dir20352_377181421\Crashpad\reports\346af293-131c-4162-97a9-e5589aaa2d53.dmp: The process cannot access the file because it is being used by another process. (0x20)
[1106/133703.759:ERROR:filesystem_win.cc(148)] DeleteFile C:\Users\VOLKAN~1\AppData\Local\Temp\scoped_dir25116_1066330571\Crashpad\reports\9d9d0f72-f51c-4ee5-a47c-af05e5b1fda0.dmp: The process cannot access the file because it is being used by another process. (0x20)
[1106/133703.867:ERROR:filesystem_win.cc(148)] DeleteFile C:\Users\VOLKAN~1\AppData\Local\Temp\scoped_dir47252_1914690548\Crashpad\reports\b890ec75-a807-46cd-9a66-9f9804cebaeb.dmp: The process cannot access the file because it is being used by another process. (0x20)
[1106/133737.745:ERROR:filesystem_win.cc(148)] DeleteFile C:\Users\VOLKAN~1\AppData\Local\Temp\scoped_dir127936_1662836242\Crashpad\reports\54cd0444-e98c-4778-b0df-cd75c2d34dcd.dmp: The process cannot access the file because it is being used by another process. (0x20)
[1106/133738.084:ERROR:filesystem_win.cc(148)] DeleteFile C:\Users\VOLKAN~1\AppData\Local\Temp\scoped_dir57548_966094497\Crashpad\reports\ee6dd324-cb62-46d0-b258-7451602ff976.dmp: The process cannot access the file because it is being used by another process. (0x20)
[1106/133738.349:ERROR:file_io_win.cc(170)] CreateFile C:\Users\VOLKAN~1\AppData\Local\Temp\scoped_dir79248_1648643217\Crashpad\reports\1bc325d3-70ee-41f8-a124-05e8059f493f.dmp: The system cannot find the path specified. (0x3)
[1106/133738.350:ERROR:crash_report_exception_handler.cc(97)] PrepareNewCrashReport failed
[1106/133738.350:ERROR:filesystem_win.cc(148)] DeleteFile C:\Users\VOLKAN~1\AppData\Local\Temp\scoped_dir39264_1878096022\Crashpad\reports\44281906-ecaf-4c5c-a091-6f1616d98308.dmp: The process cannot access the file because it is being used by another process. (0x20)
[1106/133738.532:ERROR:filesystem_win.cc(148)] DeleteFile C:\Users\VOLKAN~1\AppData\Local\Temp\scoped_dir111920_1462599753\Crashpad\reports\30430e78-6815-455c-af9a-5c8e904cb722.dmp: The process cannot access the file because it is being used by another process. (0x20)
[1106/133738.546:ERROR:filesystem_win.cc(148)] DeleteFile C:\Users\VOLKAN~1\AppData\Local\Temp\scoped_dir15320_75830877\Crashpad\reports\c2bc4c2d-85c6-4ffd-ba4e-59b424dd1c4e.dmp: The process cannot access the file because it is being used by another process. (0x20)
[1106/133739.697:ERROR:filesystem_win.cc(148)] DeleteFile C:\Users\VOLKAN~1\AppData\Local\Temp\scoped_dir29380_1730388008\Crashpad\reports\7f7a18ce-82b3-44ea-8a3f-452b4ba0d716.dmp: The process cannot access the file because it is being used by another process. (0x20)
[1106/133740.311:ERROR:filesystem_win.cc(148)] DeleteFile C:\Users\VOLKAN~1\AppData\Local\Temp\scoped_dir77628_520952034\Crashpad\reports\c269dbc5-e283-4c3d-a159-52a80f277bc6.dmp: The process cannot access the file because it is being used by another process. (0x20)
[1106/133747.059:ERROR:file_io_win.cc(170)] CreateFile C:\Users\VOLKAN~1\AppData\Local\Temp\scoped_dir27964_1242915404\Crashpad\reports\900e2a88-5848-4482-909e-4d8701dbc064.dmp: The system cannot find the path specified. (0x3)
[1106/133747.059:ERROR:crash_report_exception_handler.cc(97)] PrepareNewCrashReport failed
[1106/133748.373:ERROR:file_io_win.cc(170)] CreateFile C:\Users\VOLKAN~1\AppData\Local\Temp\scoped_dir45604_379623618\Crashpad\reports\91507f88-151a-4e15-a674-660e9f9000a4.dmp: The system cannot find the path specified. (0x3)
[1106/133748.374:ERROR:crash_report_exception_handler.cc(97)] PrepareNewCrashReport failed
[1106/133748.402:ERROR:file_io_win.cc(170)] CreateFile C:\Users\VOLKAN~1\AppData\Local\Temp\scoped_dir21928_1424696131\Crashpad\reports\7249e861-3dfb-49b2-8b33-490ec6281012.dmp: The system cannot find the path specified. (0x3)
[1106/133748.403:ERROR:crash_report_exception_handler.cc(97)] PrepareNewCrashReport failed
[1106/133748.485:ERROR:filesystem_win.cc(148)] DeleteFile C:\Users\VOLKAN~1\AppData\Local\Temp\scoped_dir64948_1791899136\Crashpad\reports\eea6d135-cb1a-404c-9c64-bdf73923b506.dmp: The process cannot access the file because it is being used by another process. (0x20)
[1106/133749.003:ERROR:filesystem_win.cc(148)] DeleteFile C:\Users\VOLKAN~1\AppData\Local\Temp\scoped_dir27964_1242915404\Crashpad\reports\cad88023-0a1a-42b7-bd7c-5f1d8b2c11f0.dmp: The process cannot access the file because it is being used by another process. (0x20)
[1106/133749.115:ERROR:filesystem_win.cc(148)] DeleteFile C:\Users\VOLKAN~1\AppData\Local\Temp\scoped_dir41616_359426397\Crashpad\reports\c93f1238-0291-4d23-b1bc-256b207876af.dmp: The process cannot access the file because it is being used by another process. (0x20)
[1106/133757.829:ERROR:file_io_win.cc(170)] CreateFile C:\Users\VOLKAN~1\AppData\Local\Temp\scoped_dir24128_809249466\Crashpad\reports\ce927ec7-954f-4dad-90da-370d73694b00.dmp: The system cannot find the path specified. (0x3)
[1106/133757.829:ERROR:crash_report_exception_handler.cc(97)] PrepareNewCrashReport failed
[1106/133757.830:ERROR:file_io_win.cc(170)] CreateFile C:\Users\VOLKAN~1\AppData\Local\Temp\scoped_dir56052_941203333\Crashpad\reports\76e93045-2f27-4898-9fec-a8705388f031.dmp: The system cannot find the path specified. (0x3)
[1106/133757.830:ERROR:crash_report_exception_handler.cc(97)] PrepareNewCrashReport failed
[1106/133757.830:ERROR:file_io_win.cc(170)] CreateFile C:\Users\VOLKAN~1\AppData\Local\Temp\scoped_dir28360_171964858\Crashpad\reports\16e61a2d-82bd-4465-bce9-d8e490137712.dmp: The system cannot find the path specified. (0x3)
[1106/133757.831:ERROR:crash_report_exception_handler.cc(97)] PrepareNewCrashReport failed
[1106/133757.832:ERROR:file_io_win.cc(170)] CreateFile C:\Users\VOLKAN~1\AppData\Local\Temp\scoped_dir9944_1745520038\Crashpad\reports\07f7a461-1ee4-4df8-8487-710da5750baf.dmp: The system cannot find the path specified. (0x3)
[1106/133757.832:ERROR:crash_report_exception_handler.cc(97)] PrepareNewCrashReport failed
[1106/133757.833:ERROR:file_io_win.cc(170)] CreateFile C:\Users\VOLKAN~1\AppData\Local\Temp\scoped_dir59076_2110992340\Crashpad\reports\8c11182c-e7f3-43fd-a6f9-b04c745d046e.dmp: The system cannot find the path specified. (0x3)
[1106/133757.833:ERROR:crash_report_exception_handler.cc(97)] PrepareNewCrashReport failed
[1106/133757.842:ERROR:file_io_win.cc(170)] CreateFile C:\Users\VOLKAN~1\AppData\Local\Temp\scoped_dir28360_171964858\Crashpad\reports\e9d5ac77-b569-4370-86ec-18dfb8bb7d24.dmp: The system cannot find the path specified. (0x3)
[1106/133757.842:ERROR:crash_report_exception_handler.cc(97)] PrepareNewCrashReport failed
[1106/133757.844:ERROR:file_io_win.cc(170)] CreateFile C:\Users\VOLKAN~1\AppData\Local\Temp\scoped_dir56052_941203333\Crashpad\reports\dd496739-d427-439b-8c7d-051415bfdff3.dmp: The system cannot find the path specified. (0x3)
[1106/133757.844:ERROR:crash_report_exception_handler.cc(97)] PrepareNewCrashReport failed
[1106/181347.717:ERROR:file_io_win.cc(170)] CreateFile C:\Users\VOLKAN~1\AppData\Local\Temp\scoped_dir58600_731699012\Crashpad\reports\8d221f94-83ad-4f3a-ae03-a314c47aaff2.dmp: The system cannot find the path specified. (0x3)
[1106/181347.717:ERROR:crash_report_exception_handler.cc(97)] PrepareNewCrashReport failed
[1106/181348.021:ERROR:file_io.cc(134)] WriteFile: There is not enough space on the disk. (0x70)
[1106/181348.021:ERROR:crash_report_exception_handler.cc(111)] WriteEverything failed
[1106/181348.022:ERROR:filesystem_win.cc(148)] DeleteFile C:\Users\VOLKAN~1\AppData\Local\Temp\scoped_dir127772_964887376\Crashpad\reports\665b0f8c-bdcf-4ba9-8242-3488552a06d3.dmp: The process cannot access the file because it is being used by another process. (0x20)
[1106/193952.854:ERROR:file_io_win.cc(170)] CreateFile C:\Users\VOLKAN~1\AppData\Local\Temp\scoped_dir17876_826148807\Crashpad\reports\da31adce-1073-4213-ad60-a75de0fdec61.dmp: The system cannot find the path specified. (0x3)
[1106/193952.854:ERROR:crash_report_exception_handler.cc(97)] PrepareNewCrashReport failed
[1108/163603.339:ERROR:process_info.cc(359)] UncheckedAllocate
[1108/163614.288:ERROR:file_io_win.cc(170)] CreateFile C:\Users\VOLKAN~1\AppData\Local\Temp\scoped_dir20228_2102361873\Crashpad\reports\7c6728c9-5f78-4ad6-b014-dc6874b1def9.dmp: The system cannot find the path specified. (0x3)
[1108/163614.289:ERROR:crash_report_exception_handler.cc(97)] PrepareNewCrashReport failed
[1108/163614.290:ERROR:file_io_win.cc(170)] CreateFile C:\Users\VOLKAN~1\AppData\Local\Temp\scoped_dir9344_1953691593\Crashpad\reports\997d675c-ac2e-4623-aa22-2658f24fceb9.dmp: The system cannot find the path specified. (0x3)
[1108/163614.291:ERROR:crash_report_exception_handler.cc(97)] PrepareNewCrashReport failed
[1108/163614.292:ERROR:file_io_win.cc(170)] CreateFile C:\Users\VOLKAN~1\AppData\Local\Temp\scoped_dir33260_1045721236\Crashpad\reports\9249ec85-0d0f-43b0-ac95-efb6e35242c1.dmp: The system cannot find the path specified. (0x3)
[1108/163614.293:ERROR:crash_report_exception_handler.cc(97)] PrepareNewCrashReport failed
[1108/163614.297:ERROR:file_io_win.cc(170)] CreateFile C:\Users\VOLKAN~1\AppData\Local\Temp\scoped_dir58772_1874132270\Crashpad\reports\40f7112d-0836-48c0-93f8-fcf15e88e554.dmp: The system cannot find the path specified. (0x3)
[1108/163614.297:ERROR:crash_report_exception_handler.cc(97)] PrepareNewCrashReport failed
[1108/163614.303:ERROR:file_io_win.cc(170)] CreateFile C:\Users\VOLKAN~1\AppData\Local\Temp\scoped_dir65280_1204703356\Crashpad\reports\a01a266e-9340-4a32-8940-ccf116910877.dmp: The system cannot find the path specified. (0x3)
[1108/163614.304:ERROR:crash_report_exception_handler.cc(97)] PrepareNewCrashReport failed
[1108/163614.311:ERROR:file_io_win.cc(170)] CreateFile C:\Users\VOLKAN~1\AppData\Local\Temp\scoped_dir32584_1888392059\Crashpad\reports\443ec960-58d2-41ab-bde6-6fec2b73f098.dmp: The system cannot find the path specified. (0x3)
[1108/163614.312:ERROR:crash_report_exception_handler.cc(97)] PrepareNewCrashReport failed
[1108/163614.313:ERROR:file_io_win.cc(170)] CreateFile C:\Users\VOLKAN~1\AppData\Local\Temp\scoped_dir55608_1074736421\Crashpad\reports\eae1410e-7f1a-47f4-8a8d-9496f6b26ae2.dmp: The system cannot find the path specified. (0x3)
[1108/163614.313:ERROR:crash_report_exception_handler.cc(97)] PrepareNewCrashReport failed
[1108/163614.314:ERROR:file_io_win.cc(170)] CreateFile C:\Users\VOLKAN~1\AppData\Local\Temp\scoped_dir60508_1531698748\Crashpad\reports\8ec652e1-0887-476a-a844-2f15150c5644.dmp: The system cannot find the path specified. (0x3)
[1108/163614.315:ERROR:crash_report_exception_handler.cc(97)] PrepareNewCrashReport failed
[1108/163614.314:ERROR:file_io_win.cc(170)] CreateFile C:\Users\VOLKAN~1\AppData\Local\Temp\scoped_dir48652_401884981\Crashpad\reports\74db848a-bab6-4057-83d9-51cd69c95855.dmp: The system cannot find the path specified. (0x3)
[1108/163614.316:ERROR:crash_report_exception_handler.cc(97)] PrepareNewCrashReport failed
[1108/163614.321:ERROR:file_io_win.cc(170)] CreateFile C:\Users\VOLKAN~1\AppData\Local\Temp\scoped_dir43284_289277115\Crashpad\reports\feefe597-d845-414a-8341-4163058a6677.dmp: The system cannot find the path specified. (0x3)
[1108/163614.322:ERROR:crash_report_exception_handler.cc(97)] PrepareNewCrashReport failed
[1108/163614.329:ERROR:file_io_win.cc(170)] CreateFile C:\Users\VOLKAN~1\AppData\Local\Temp\scoped_dir58772_1874132270\Crashpad\reports\44966d2b-c288-4455-8cbd-eb9f1dee840d.dmp: The system cannot find the path specified. (0x3)
[1108/163614.329:ERROR:crash_report_exception_handler.cc(97)] PrepareNewCrashReport failed
[1108/163614.333:ERROR:file_io_win.cc(170)] CreateFile C:\Users\VOLKAN~1\AppData\Local\Temp\scoped_dir26760_119904517\Crashpad\reports\a03f7fa4-b297-456f-830f-90e40f6828c8.dmp: The system cannot find the path specified. (0x3)
[1108/163614.334:ERROR:crash_report_exception_handler.cc(97)] PrepareNewCrashReport failed
[1108/163614.341:ERROR:file_io_win.cc(170)] CreateFile C:\Users\VOLKAN~1\AppData\Local\Temp\scoped_dir19884_1752872729\Crashpad\reports\6df72e75-1a69-4c2c-8cfd-8754617d3feb.dmp: The system cannot find the path specified. (0x3)
[1108/163614.342:ERROR:crash_report_exception_handler.cc(97)] PrepareNewCrashReport failed
[1108/163614.342:ERROR:file_io_win.cc(170)] CreateFile C:\Users\VOLKAN~1\AppData\Local\Temp\scoped_dir51488_625201208\Crashpad\reports\15da7a65-e97f-4bd7-afe2-07086ce168ce.dmp: The system cannot find the path specified. (0x3)
[1108/163614.343:ERROR:crash_report_exception_handler.cc(97)] PrepareNewCrashReport failed
[1108/163614.343:ERROR:file_io_win.cc(170)] CreateFile C:\Users\VOLKAN~1\AppData\Local\Temp\scoped_dir40848_283520060\Crashpad\reports\ccd31800-587f-4aef-bb75-5519c9415952.dmp: The system cannot find the path specified. (0x3)
[1108/163614.343:ERROR:crash_report_exception_handler.cc(97)] PrepareNewCrashReport failed
[1108/163614.343:ERROR:file_io_win.cc(170)] CreateFile C:\Users\VOLKAN~1\AppData\Local\Temp\scoped_dir39116_619106470\Crashpad\reports\c20af131-1888-4819-9e95-8c87d4b994de.dmp: The system cannot find the path specified. (0x3)
[1108/163614.344:ERROR:crash_report_exception_handler.cc(97)] PrepareNewCrashReport failed
[1108/163614.356:ERROR:file_io_win.cc(170)] CreateFile C:\Users\VOLKAN~1\AppData\Local\Temp\scoped_dir34068_305801574\Crashpad\reports\4571039f-b0dd-422c-b279-1d1ddab7a38a.dmp: The system cannot find the path specified. (0x3)
[1108/163614.356:ERROR:crash_report_exception_handler.cc(97)] PrepareNewCrashReport failed
[1108/163614.382:ERROR:file_io_win.cc(170)] CreateFile C:\Users\VOLKAN~1\AppData\Local\Temp\scoped_dir55688_337531755\Crashpad\reports\910a3436-4aee-4523-95c8-fcdc147cd9b3.dmp: The system cannot find the path specified. (0x3)
[1108/163614.382:ERROR:crash_report_exception_handler.cc(97)] PrepareNewCrashReport failed
[1108/163614.382:ERROR:file_io_win.cc(170)] CreateFile C:\Users\VOLKAN~1\AppData\Local\Temp\scoped_dir11680_1786157822\Crashpad\reports\5889f159-95ca-4883-ba7f-1ec34b8a2430.dmp: The system cannot find the path specified. (0x3)
[1108/163614.383:ERROR:crash_report_exception_handler.cc(97)] PrepareNewCrashReport failed
[1108/163614.381:ERROR:file_io_win.cc(170)] CreateFile C:\Users\VOLKAN~1\AppData\Local\Temp\scoped_dir28328_555169136\Crashpad\reports\d6ce477a-4c15-4d06-bc75-42d7697f7f3b.dmp: The system cannot find the path specified. (0x3)
[1108/163614.383:ERROR:crash_report_exception_handler.cc(97)] PrepareNewCrashReport failed
[1108/163614.383:ERROR:file_io_win.cc(170)] CreateFile C:\Users\VOLKAN~1\AppData\Local\Temp\scoped_dir32076_1171599243\Crashpad\reports\f6e70d0e-af69-48ca-b1cd-d1695828b224.dmp: The system cannot find the path specified. (0x3)
[1108/163614.383:ERROR:crash_report_exception_handler.cc(97)] PrepareNewCrashReport failed
[1108/163614.385:ERROR:file_io_win.cc(170)] CreateFile C:\Users\VOLKAN~1\AppData\Local\Temp\scoped_dir59844_756586571\Crashpad\reports\b67ea7e8-46aa-4a18-9ee6-85ae84b8c3a2.dmp: The system cannot find the path specified. (0x3)
[1108/163614.391:ERROR:crash_report_exception_handler.cc(97)] PrepareNewCrashReport failed
[1108/163614.385:ERROR:file_io_win.cc(170)] CreateFile C:\Users\VOLKAN~1\AppData\Local\Temp\scoped_dir70228_1996459145\Crashpad\reports\6506ac7f-bcb0-45d0-9cf1-f539baef520f.dmp: The system cannot find the path specified. (0x3)
[1108/163614.393:ERROR:crash_report_exception_handler.cc(97)] PrepareNewCrashReport failed
[1108/163614.391:ERROR:file_io_win.cc(170)] CreateFile C:\Users\VOLKAN~1\AppData\Local\Temp\scoped_dir41864_1235983250\Crashpad\reports\937deb78-2511-4db0-8a9f-efd1345ae9eb.dmp: The system cannot find the path specified. (0x3)
[1108/163614.393:ERROR:crash_report_exception_handler.cc(97)] PrepareNewCrashReport failed
[1108/163614.391:ERROR:file_io_win.cc(170)] CreateFile C:\Users\VOLKAN~1\AppData\Local\Temp\scoped_dir55400_1320871384\Crashpad\reports\ff9a79a9-888f-4ef9-953a-ea58c5dc8360.dmp: The system cannot find the path specified. (0x3)
[1108/163614.393:ERROR:crash_report_exception_handler.cc(97)] PrepareNewCrashReport failed
[1108/163614.391:ERROR:file_io_win.cc(170)] CreateFile C:\Users\VOLKAN~1\AppData\Local\Temp\scoped_dir46616_1285548440\Crashpad\reports\70e351e0-c470-4446-8287-cf3e405e0653.dmp: The system cannot find the path specified. (0x3)
[1108/163614.393:ERROR:crash_report_exception_handler.cc(97)] PrepareNewCrashReport failed
[1108/163614.390:ERROR:file_io_win.cc(170)] CreateFile C:\Users\VOLKAN~1\AppData\Local\Temp\scoped_dir70948_1285068588\Crashpad\reports\ce56402b-8285-4afe-b3e2-290d26a80395.dmp: The system cannot find the path specified. (0x3)
[1108/163614.394:ERROR:crash_report_exception_handler.cc(97)] PrepareNewCrashReport failed
[1108/163614.398:ERROR:file_io_win.cc(170)] CreateFile C:\Users\VOLKAN~1\AppData\Local\Temp\scoped_dir39908_325261970\Crashpad\reports\c16e25db-0ace-4925-8891-32f5817e9981.dmp: The system cannot find the path specified. (0x3)
[1108/163614.399:ERROR:crash_report_exception_handler.cc(97)] PrepareNewCrashReport failed
[1108/163614.406:ERROR:file_io_win.cc(170)] CreateFile C:\Users\VOLKAN~1\AppData\Local\Temp\scoped_dir61020_51471634\Crashpad\reports\8646d262-102e-419d-abad-14da4f394aeb.dmp: The system cannot find the path specified. (0x3)
[1108/163614.407:ERROR:crash_report_exception_handler.cc(97)] PrepareNewCrashReport failed
[1108/163614.408:ERROR:file_io_win.cc(170)] CreateFile C:\Users\VOLKAN~1\AppData\Local\Temp\scoped_dir30772_1201503893\Crashpad\reports\e026e305-de58-4b45-a4ae-e1dd5db9966a.dmp: The system cannot find the path specified. (0x3)
[1108/163614.408:ERROR:crash_report_exception_handler.cc(97)] PrepareNewCrashReport failed
[1108/163614.438:ERROR:file_io_win.cc(170)] CreateFile C:\Users\VOLKAN~1\AppData\Local\Temp\scoped_dir64680_952139454\Crashpad\reports\ac49de5f-ee4f-4a63-9710-c8f5978d4dc3.dmp: The system cannot find the path specified. (0x3)
[1108/163614.438:ERROR:crash_report_exception_handler.cc(97)] PrepareNewCrashReport failed
[1108/163614.438:ERROR:file_io_win.cc(170)] CreateFile C:\Users\VOLKAN~1\AppData\Local\Temp\scoped_dir60660_675437201\Crashpad\reports\86d4d825-0253-47c1-869d-a9bb3f3aeccc.dmp: The system cannot find the path specified. (0x3)
[1108/163614.438:ERROR:crash_report_exception_handler.cc(97)] PrepareNewCrashReport failed
[1108/163614.438:ERROR:file_io_win.cc(170)] CreateFile C:\Users\VOLKAN~1\AppData\Local\Temp\scoped_dir35868_2119361810\Crashpad\reports\dcfb4ba1-198d-4984-b4fc-204a19258a81.dmp: The system cannot find the path specified. (0x3)
[1108/163614.439:ERROR:crash_report_exception_handler.cc(97)] PrepareNewCrashReport failed
[1108/163614.439:ERROR:file_io_win.cc(170)] CreateFile C:\Users\VOLKAN~1\AppData\Local\Temp\scoped_dir42980_579358281\Crashpad\reports\331a3157-eaf4-4cd2-aa2f-15e2316e1f41.dmp: The system cannot find the path specified. (0x3)
[1108/163614.439:ERROR:crash_report_exception_handler.cc(97)] PrepareNewCrashReport failed
[1108/163614.440:ERROR:file_io_win.cc(170)] CreateFile C:\Users\VOLKAN~1\AppData\Local\Temp\scoped_dir20916_960622438\Crashpad\reports\d750b8be-7ef7-4e72-976b-5f750b179741.dmp: The system cannot find the path specified. (0x3)
[1108/163614.440:ERROR:crash_report_exception_handler.cc(97)] PrepareNewCrashReport failed
[1108/163614.441:ERROR:file_io_win.cc(170)] CreateFile C:\Users\VOLKAN~1\AppData\Local\Temp\scoped_dir29808_241220852\Crashpad\reports\e5fdaf89-75ae-4149-b2de-62c2bea801ea.dmp: The system cannot find the path specified. (0x3)
[1108/163614.442:ERROR:crash_report_exception_handler.cc(97)] PrepareNewCrashReport failed
[1108/163614.445:ERROR:file_io_win.cc(170)] CreateFile C:\Users\VOLKAN~1\AppData\Local\Temp\scoped_dir45536_2028878886\Crashpad\reports\4b662cdc-7012-4534-bf83-e69134e220c1.dmp: The system cannot find the path specified. (0x3)
[1108/163614.445:ERROR:crash_report_exception_handler.cc(97)] PrepareNewCrashReport failed
[1108/163614.450:ERROR:file_io_win.cc(170)] CreateFile C:\Users\VOLKAN~1\AppData\Local\Temp\scoped_dir22184_1274341415\Crashpad\reports\75b184a3-8b0c-4e52-a145-f660dc18fe89.dmp: The system cannot find the path specified. (0x3)
[1108/163614.450:ERROR:crash_report_exception_handler.cc(97)] PrepareNewCrashReport failed
[1108/163614.450:ERROR:file_io_win.cc(170)] CreateFile C:\Users\VOLKAN~1\AppData\Local\Temp\scoped_dir22784_83745135\Crashpad\reports\554775df-5a40-44fe-947a-0fe8cfa03f47.dmp: The system cannot find the path specified. (0x3)
[1108/163614.451:ERROR:crash_report_exception_handler.cc(97)] PrepareNewCrashReport failed
[1108/163614.451:ERROR:file_io_win.cc(170)] CreateFile C:\Users\VOLKAN~1\AppData\Local\Temp\scoped_dir34260_229199413\Crashpad\reports\7d5a5cfa-cfec-4c3a-bf77-fa4b237bc8d4.dmp: The system cannot find the path specified. (0x3)
[1108/163614.451:ERROR:crash_report_exception_handler.cc(97)] PrepareNewCrashReport failed
[1108/163614.471:ERROR:file_io_win.cc(170)] CreateFile C:\Users\VOLKAN~1\AppData\Local\Temp\scoped_dir54564_1865641682\Crashpad\reports\cdbf0834-52cf-411c-9a7e-725fa719048c.dmp: The system cannot find the path specified. (0x3)
[1108/163614.472:ERROR:crash_report_exception_handler.cc(97)] PrepareNewCrashReport failed
[1108/163614.474:ERROR:file_io_win.cc(170)] CreateFile C:\Users\VOLKAN~1\AppData\Local\Temp\scoped_dir828_748591108\Crashpad\reports\fbaaeba8-cf5e-4a4e-ad80-2eafd40cf339.dmp: The system cannot find the path specified. (0x3)
[1108/163614.474:ERROR:crash_report_exception_handler.cc(97)] PrepareNewCrashReport failed
[1108/163614.475:ERROR:file_io_win.cc(170)] CreateFile C:\Users\VOLKAN~1\AppData\Local\Temp\scoped_dir4080_1518481791\Crashpad\reports\e709f5ba-f0e1-4c93-a8de-11a5c5d74ce9.dmp: The system cannot find the path specified. (0x3)
[1108/163614.475:ERROR:crash_report_exception_handler.cc(97)] PrepareNewCrashReport failed
[1108/163614.478:ERROR:file_io_win.cc(170)] CreateFile C:\Users\VOLKAN~1\AppData\Local\Temp\scoped_dir50600_651262920\Crashpad\reports\9cdc6d9b-e658-4883-a6a3-7267aebce23e.dmp: The system cannot find the path specified. (0x3)
[1108/163614.478:ERROR:crash_report_exception_handler.cc(97)] PrepareNewCrashReport failed
[1108/163614.484:ERROR:file_io_win.cc(170)] CreateFile C:\Users\VOLKAN~1\AppData\Local\Temp\scoped_dir65280_1204703356\Crashpad\reports\68bcbce5-8512-409e-9462-38fac9a45214.dmp: The system cannot find the path specified. (0x3)
[1108/163614.484:ERROR:crash_report_exception_handler.cc(97)] PrepareNewCrashReport failed
[1108/163614.492:ERROR:file_io_win.cc(170)] CreateFile C:\Users\VOLKAN~1\AppData\Local\Temp\scoped_dir15580_247199297\Crashpad\reports\e3b188fa-863b-46e9-a29c-3a3c9a3f1227.dmp: The system cannot find the path specified. (0x3)
[1108/163614.492:ERROR:crash_report_exception_handler.cc(97)] PrepareNewCrashReport failed
[1108/163614.500:ERROR:file_io_win.cc(170)] CreateFile C:\Users\VOLKAN~1\AppData\Local\Temp\scoped_dir41076_1530263496\Crashpad\reports\15411d36-e0f2-441a-990f-775caf2650e8.dmp: The system cannot find the path specified. (0x3)
[1108/163614.500:ERROR:crash_report_exception_handler.cc(97)] PrepareNewCrashReport failed
[1108/163614.507:ERROR:file_io_win.cc(170)] CreateFile C:\Users\VOLKAN~1\AppData\Local\Temp\scoped_dir66804_744082848\Crashpad\reports\39b75876-b4fd-402e-87a7-9011c6c68fb3.dmp: The system cannot find the path specified. (0x3)
[1108/163614.508:ERROR:crash_report_exception_handler.cc(97)] PrepareNewCrashReport failed
[1108/163614.510:ERROR:file_io_win.cc(170)] CreateFile C:\Users\VOLKAN~1\AppData\Local\Temp\scoped_dir11148_1420815385\Crashpad\reports\7fa2dc26-93a6-431b-bc39-1d33d9ac8da6.dmp: The system cannot find the path specified. (0x3)
[1108/163614.510:ERROR:crash_report_exception_handler.cc(97)] PrepareNewCrashReport failed
[1108/163614.513:ERROR:file_io_win.cc(170)] CreateFile C:\Users\VOLKAN~1\AppData\Local\Temp\scoped_dir22948_1749671988\Crashpad\reports\5a28825c-1f30-4a9b-8e14-2f29d8506dc8.dmp: The system cannot find the path specified. (0x3)
[1108/163614.514:ERROR:crash_report_exception_handler.cc(97)] PrepareNewCrashReport failed
[1108/163614.528:ERROR:file_io_win.cc(170)] CreateFile C:\Users\VOLKAN~1\AppData\Local\Temp\scoped_dir11148_1420815385\Crashpad\reports\22b9bc1a-37e6-48d7-b46d-7c8223a7fd52.dmp: The system cannot find the path specified. (0x3)
[1108/163614.528:ERROR:crash_report_exception_handler.cc(97)] PrepareNewCrashReport failed
[1108/163614.529:ERROR:file_io_win.cc(170)] CreateFile C:\Users\VOLKAN~1\AppData\Local\Temp\scoped_dir38292_410753481\Crashpad\reports\5988db0d-b9c7-4ad9-9d18-f34826fd74d7.dmp: The system cannot find the path specified. (0x3)
[1108/163614.530:ERROR:crash_report_exception_handler.cc(97)] PrepareNewCrashReport failed
[1108/163614.567:ERROR:file_io_win.cc(170)] CreateFile C:\Users\VOLKAN~1\AppData\Local\Temp\scoped_dir43284_289277115\Crashpad\reports\57a4a95a-34b5-4ce9-8837-99a8bb4c4d59.dmp: The system cannot find the path specified. (0x3)
[1108/163614.567:ERROR:crash_report_exception_handler.cc(97)] PrepareNewCrashReport failed
[1108/163614.568:ERROR:file_io_win.cc(170)] CreateFile C:\Users\VOLKAN~1\AppData\Local\Temp\scoped_dir14656_343297560\Crashpad\reports\e40898d2-315e-4097-a45e-b74b16629f68.dmp: The system cannot find the path specified. (0x3)
[1108/163614.569:ERROR:crash_report_exception_handler.cc(97)] PrepareNewCrashReport failed
[1108/163614.568:ERROR:file_io_win.cc(170)] CreateFile C:\Users\VOLKAN~1\AppData\Local\Temp\scoped_dir55916_1894814320\Crashpad\reports\0cc4e6ee-33f6-448c-83ac-6b699e6ffa7d.dmp: The system cannot find the path specified. (0x3)
[1108/163614.569:ERROR:crash_report_exception_handler.cc(97)] PrepareNewCrashReport failed
[1108/163614.568:ERROR:file_io_win.cc(170)] CreateFile C:\Users\VOLKAN~1\AppData\Local\Temp\scoped_dir69216_1228421560\Crashpad\reports\a5d9e1f0-3361-4b73-951d-45bad8d8dfbb.dmp: The system cannot find the path specified. (0x3)
[1108/163614.570:ERROR:crash_report_exception_handler.cc(97)] PrepareNewCrashReport failed
[1108/163614.582:ERROR:file_io_win.cc(170)] CreateFile C:\Users\VOLKAN~1\AppData\Local\Temp\scoped_dir60508_1531698748\Crashpad\reports\cb9baa95-3133-45fa-b5d9-a12b883b2a30.dmp: The system cannot find the path specified. (0x3)
[1108/163614.582:ERROR:crash_report_exception_handler.cc(97)] PrepareNewCrashReport failed
[1108/163615.611:ERROR:file_io_win.cc(170)] CreateFile C:\Users\VOLKAN~1\AppData\Local\Temp\scoped_dir4080_1518481791\Crashpad\reports\af08f9e9-f591-49b2-a787-0c53c74b4a5e.dmp: The system cannot find the path specified. (0x3)
[1108/163615.611:ERROR:file_io_win.cc(170)] CreateFile C:\Users\VOLKAN~1\AppData\Local\Temp\scoped_dir55916_1894814320\Crashpad\reports\5333dca4-8491-4eb9-925b-95cc1dd090b1.dmp: The system cannot find the path specified. (0x3)
[1108/163615.611:ERROR:file_io_win.cc(170)] CreateFile C:\Users\VOLKAN~1\AppData\Local\Temp\scoped_dir61020_51471634\Crashpad\reports\95bc9959-3fea-458c-8cc5-8312fdf472f6.dmp: The system cannot find the path specified. (0x3)
[1108/163615.611:ERROR:crash_report_exception_handler.cc(97)] PrepareNewCrashReport failed
[1108/163615.611:ERROR:crash_report_exception_handler.cc(97)] PrepareNewCrashReport failed
[1108/163615.611:ERROR:crash_report_exception_handler.cc(97)] PrepareNewCrashReport failed
[1108/234704.186:ERROR:filesystem_win.cc(148)] DeleteFile C:\Users\VOLKAN~1\AppData\Local\Temp\scoped_dir102936_1568893092\Crashpad\reports\f9f2ed21-33f3-4684-b1e9-fd401b51fe19.dmp: The process cannot access the file because it is being used by another process. (0x20)
[1108/234734.195:ERROR:file_io_win.cc(170)] CreateFile C:\Users\VOLKAN~1\AppData\Local\Temp\scoped_dir41528_1431630277\Crashpad\reports\cc7da52b-e0d7-4574-801a-518dc4a9fc74.dmp: The system cannot find the path specified. (0x3)
[1108/234734.196:ERROR:crash_report_exception_handler.cc(97)] PrepareNewCrashReport failed
[1108/234734.195:ERROR:file_io_win.cc(170)] CreateFile C:\Users\VOLKAN~1\AppData\Local\Temp\scoped_dir99324_2004187410\Crashpad\reports\5f0eeeab-c7a7-474f-96f2-22e3859a6306.dmp: The system cannot find the path specified. (0x3)
[1108/234734.196:ERROR:crash_report_exception_handler.cc(97)] PrepareNewCrashReport failed
[1108/234734.206:ERROR:file_io_win.cc(170)] CreateFile C:\Users\VOLKAN~1\AppData\Local\Temp\scoped_dir41528_1431630277\Crashpad\reports\c84938ab-7050-418e-88d6-f023610744cf.dmp: The system cannot find the path specified. (0x3)
[1108/234734.206:ERROR:crash_report_exception_handler.cc(97)] PrepareNewCrashReport failed
[1108/234734.206:ERROR:file_io_win.cc(170)] CreateFile C:\Users\VOLKAN~1\AppData\Local\Temp\scoped_dir18564_1808616520\Crashpad\reports\5da4f57f-3471-4a03-bf67-6b8b2f96b00f.dmp: The system cannot find the path specified. (0x3)
[1108/234734.206:ERROR:crash_report_exception_handler.cc(97)] PrepareNewCrashReport failed
[1108/234734.206:ERROR:file_io_win.cc(170)] CreateFile C:\Users\VOLKAN~1\AppData\Local\Temp\scoped_dir68752_1367842094\Crashpad\reports\dbe016e2-0aa1-4306-a711-6208f69c0bba.dmp: The system cannot find the path specified. (0x3)
[1108/234734.206:ERROR:crash_report_exception_handler.cc(97)] PrepareNewCrashReport failed
[1109/025201.711:ERROR:filesystem_win.cc(148)] DeleteFile C:\Users\VOLKAN~1\AppData\Local\Temp\scoped_dir106888_383760617\Crashpad\reports\1883081e-ec61-44d0-a123-ab1d7c999b0c.dmp: The process cannot access the file because it is being used by another process. (0x20)
[1109/033749.194:ERROR:filesystem_win.cc(148)] DeleteFile C:\Users\VOLKAN~1\AppData\Local\Temp\scoped_dir244_1498263539\Crashpad\reports\15106dee-6661-49dc-a4da-dfd117d32b93.dmp: The process cannot access the file because it is being used by another process. (0x20)
[1109/033833.991:ERROR:file_io_win.cc(170)] CreateFile C:\Users\VOLKAN~1\AppData\Local\Temp\scoped_dir15724_1463972479\Crashpad\reports\cef84e82-0c52-4ac0-857c-5bc048f8ecaa.dmp: The system cannot find the path specified. (0x3)
[1109/033833.991:ERROR:crash_report_exception_handler.cc(97)] PrepareNewCrashReport failed
[1109/033833.998:ERROR:file_io_win.cc(170)] CreateFile C:\Users\VOLKAN~1\AppData\Local\Temp\scoped_dir4884_1644605946\Crashpad\reports\6cdea466-c8c0-4e08-b180-eb25e7c142da.dmp: The system cannot find the path specified. (0x3)
[1109/033833.998:ERROR:crash_report_exception_handler.cc(97)] PrepareNewCrashReport failed
[1109/033834.005:ERROR:file_io_win.cc(170)] CreateFile C:\Users\VOLKAN~1\AppData\Local\Temp\scoped_dir31856_1259861878\Crashpad\reports\35e03ae2-4155-4841-9db4-d35c21290aac.dmp: The system cannot find the path specified. (0x3)
[1109/033834.006:ERROR:crash_report_exception_handler.cc(97)] PrepareNewCrashReport failed
[1109/033834.005:ERROR:file_io_win.cc(170)] CreateFile C:\Users\VOLKAN~1\AppData\Local\Temp\scoped_dir47720_538942579\Crashpad\reports\700260dc-9329-4b5d-b2e2-9877b3a99f83.dmp: The system cannot find the path specified. (0x3)
[1109/033834.006:ERROR:crash_report_exception_handler.cc(97)] PrepareNewCrashReport failed
[1109/033834.012:ERROR:file_io_win.cc(170)] CreateFile C:\Users\VOLKAN~1\AppData\Local\Temp\scoped_dir31856_1259861878\Crashpad\reports\698a678f-1f94-49d5-8104-467b7378af87.dmp: The system cannot find the path specified. (0x3)
[1109/033834.012:ERROR:crash_report_exception_handler.cc(97)] PrepareNewCrashReport failed
[1109/033834.015:ERROR:file_io_win.cc(170)] CreateFile C:\Users\VOLKAN~1\AppData\Local\Temp\scoped_dir4884_1644605946\Crashpad\reports\2f3c626e-8dbb-4ec3-9e13-be604f2bdf70.dmp: The system cannot find the path specified. (0x3)
[1109/033834.016:ERROR:crash_report_exception_handler.cc(97)] PrepareNewCrashReport failed
[1109/103933.276:ERROR:filesystem_win.cc(148)] DeleteFile C:\Users\VOLKAN~1\AppData\Local\Temp\scoped_dir23824_1475812427\Crashpad\reports\605d9d76-c001-4d8c-9524-e3105905495e.dmp: The process cannot access the file because it is being used by another process. (0x20)
[1109/104015.344:ERROR:crashpad_client_win.cc(505)] CreateProcess: Not enough memory resources are available to process this command. (0x8)
[1109/112026.627:ERROR:filesystem_win.cc(148)] DeleteFile C:\Users\VOLKAN~1\AppData\Local\Temp\scoped_dir59352_1608946326\Crashpad\reports\8e35c77e-2ebd-4b9f-aab8-c59c3ec41547.dmp: The process cannot access the file because it is being used by another process. (0x20)
[1109/112114.760:ERROR:file_io_win.cc(170)] CreateFile C:\Users\VOLKAN~1\AppData\Local\Temp\scoped_dir83568_327509272\Crashpad\reports\6eea2d32-4f74-4fc4-81b0-dcd1cd6b8914.dmp: The system cannot find the path specified. (0x3)
[1109/112114.761:ERROR:crash_report_exception_handler.cc(97)] PrepareNewCrashReport failed
[1109/112114.773:ERROR:file_io_win.cc(170)] CreateFile C:\Users\VOLKAN~1\AppData\Local\Temp\scoped_dir103004_417515244\Crashpad\reports\fa9f987c-5a69-4aaa-b52c-311b8d764a23.dmp: The system cannot find the path specified. (0x3)
[1109/112114.773:ERROR:crash_report_exception_handler.cc(97)] PrepareNewCrashReport failed
[1109/112114.773:ERROR:file_io_win.cc(170)] CreateFile C:\Users\VOLKAN~1\AppData\Local\Temp\scoped_dir17740_1349989205\Crashpad\reports\49fd30de-257b-4c82-a0c1-292a50dcbfc5.dmp: The system cannot find the path specified. (0x3)
[1109/112114.774:ERROR:crash_report_exception_handler.cc(97)] PrepareNewCrashReport failed
[1109/112114.773:ERROR:file_io_win.cc(170)] CreateFile C:\Users\VOLKAN~1\AppData\Local\Temp\scoped_dir81644_1761368738\Crashpad\reports\b7b1228c-e8a9-4b1a-b64d-9be59ddc7736.dmp: The system cannot find the path specified. (0x3)
[1109/112114.774:ERROR:crash_report_exception_handler.cc(97)] PrepareNewCrashReport failed
[1109/141356.142:ERROR:file_io_win.cc(170)] CreateFile C:\Users\VOLKAN~1\AppData\Local\Temp\scoped_dir40560_1827233588\Crashpad\reports\22f380f2-b9da-415e-a5b2-7152cb6801f9.dmp: The system cannot find the path specified. (0x3)
[1109/141356.142:ERROR:crash_report_exception_handler.cc(97)] PrepareNewCrashReport failed
[1109/165309.844:ERROR:file_io_win.cc(170)] CreateFile C:\Users\VOLKAN~1\AppData\Local\Temp\scoped_dir13292_1241612166\Crashpad\reports\fa9b4151-be89-4536-aa81-5080ecf714e2.dmp: The system cannot find the path specified. (0x3)
[1109/165309.844:ERROR:crash_report_exception_handler.cc(97)] PrepareNewCrashReport failed
[1109/165309.854:ERROR:file_io_win.cc(170)] CreateFile C:\Users\VOLKAN~1\AppData\Local\Temp\scoped_dir13292_1241612166\Crashpad\reports\ca7e129b-4af2-40e6-be86-1d442bfcdeb8.dmp: The system cannot find the path specified. (0x3)
[1109/165309.854:ERROR:crash_report_exception_handler.cc(97)] PrepareNewCrashReport failed
[1109/165309.855:ERROR:file_io_win.cc(170)] CreateFile C:\Users\VOLKAN~1\AppData\Local\Temp\scoped_dir13292_1241612166\Crashpad\reports\f14b6815-7ba1-405d-8d56-56fd39664825.dmp: The system cannot find the path specified. (0x3)
[1109/165309.855:ERROR:crash_report_exception_handler.cc(97)] PrepareNewCrashReport failed
[1109/165309.855:ERROR:file_io_win.cc(170)] CreateFile C:\Users\VOLKAN~1\AppData\Local\Temp\scoped_dir13292_1241612166\Crashpad\reports\cd22aaac-1222-4c2f-821a-dd2ee4f904c8.dmp: The system cannot find the path specified. (0x3)
[1109/165309.855:ERROR:crash_report_exception_handler.cc(97)] PrepareNewCrashReport failed
[1109/165309.859:ERROR:file_io_win.cc(170)] CreateFile C:\Users\VOLKAN~1\AppData\Local\Temp\scoped_dir13292_1241612166\Crashpad\reports\0cc2ce8d-e426-464e-a6a4-2e5fa1ad769b.dmp: The system cannot find the path specified. (0x3)
[1109/165309.859:ERROR:crash_report_exception_handler.cc(97)] PrepareNewCrashReport failed
[1110/021858.704:ERROR:filesystem_win.cc(148)] DeleteFile C:\Users\VOLKAN~1\AppData\Local\Temp\scoped_dir35636_1730168956\Crashpad\reports\e08ce278-c22a-41b1-b5a2-071b16eea387.dmp: The process cannot access the file because it is being used by another process. (0x20)
